<?xml version="1.0" encoding="UTF-8"?>
<testsuite xmlns:xsi="http://www.w3.org/2001/XMLSchema-instance" xsi:noNamespaceSchemaLocation="https://maven.apache.org/surefire/maven-surefire-plugin/xsd/surefire-test-report.xsd" name="com.bobo.MainTest" time="3.829" tests="3" errors="0" skipped="0" failures="0">
  <properties>
[...]
</properties>
  <testcase name="test" classname="com.bobo.MainTest" time="0.184"/>
  <testcase name="test1" classname="com.bobo.MainTest" time="1.031"/>
  <testcase name="test2" classname="com.bobo.MainTest" time="0.106"/>
</testsuite>